{"C:\\Proyectos\\Node\\07_RESTWeb\\src\\app.ts": {"path":"C:\\Proyectos\\Node\\07_RESTWeb\\src\\app.ts","all":false,"statementMap":{"0":{"start":{"line":1,"column":0},"end":{"line":1,"column":37}},"1":{"start":{"line":2,"column":0},"end":{"line":2,"column":50}},"2":{"start":{"line":3,"column":0},"end":{"line":3,"column":47}},"3":{"start":{"line":4,"column":0},"end":{"line":4,"column":0}},"4":{"start":{"line":5,"column":0},"end":{"line":5,"column":0}},"5":{"start":{"line":6,"column":0},"end":{"line":6,"column":0}},"6":{"start":{"line":7,"column":0},"end":{"line":7,"column":13}},"7":{"start":{"line":8,"column":0},"end":{"line":8,"column":11}},"8":{"start":{"line":9,"column":0},"end":{"line":9,"column":5}},"9":{"start":{"line":10,"column":0},"end":{"line":10,"column":0}},"10":{"start":{"line":11,"column":0},"end":{"line":11,"column":0}},"11":{"start":{"line":12,"column":0},"end":{"line":12,"column":17}},"12":{"start":{"line":13,"column":0},"end":{"line":13,"column":30}},"13":{"start":{"line":14,"column":0},"end":{"line":14,"column":9}},"14":{"start":{"line":15,"column":0},"end":{"line":15,"column":28}},"15":{"start":{"line":16,"column":0},"end":{"line":16,"column":42}},"16":{"start":{"line":17,"column":0},"end":{"line":17,"column":37}},"17":{"start":{"line":18,"column":0},"end":{"line":18,"column":9}},"18":{"start":{"line":19,"column":0},"end":{"line":19,"column":6}},"19":{"start":{"line":20,"column":0},"end":{"line":20,"column":0}},"20":{"start":{"line":21,"column":0},"end":{"line":21,"column":19}},"21":{"start":{"line":22,"column":0},"end":{"line":22,"column":1}}},"s":{"0":1,"1":1,"2":1,"3":1,"4":1,"5":1,"6":1,"7":1,"8":1,"9":1,"10":1,"11":1,"12":1,"13":1,"14":1,"15":1,"16":1,"17":1,"18":1,"19":1,"20":1,"21":1},"branchMap":{"0":{"type":"branch","line":7,"loc":{"start":{"line":7,"column":1},"end":{"line":9,"column":2}},"locations":[{"start":{"line":7,"column":1},"end":{"line":9,"column":2}}]},"1":{"type":"branch","line":7,"loc":{"start":{"line":7,"column":11},"end":{"line":9,"column":2}},"locations":[{"start":{"line":7,"column":11},"end":{"line":9,"column":2}}]},"2":{"type":"branch","line":12,"loc":{"start":{"line":12,"column":0},"end":{"line":22,"column":1}},"locations":[{"start":{"line":12,"column":0},"end":{"line":22,"column":1}}]}},"b":{"0":[1],"1":[1],"2":[1]},"fnMap":{"0":{"name":"main","decl":{"start":{"line":12,"column":0},"end":{"line":22,"column":1}},"loc":{"start":{"line":12,"column":0},"end":{"line":22,"column":1}},"line":12}},"f":{"0":1}}
,"C:\\Proyectos\\Node\\07_RESTWeb\\src\\config\\envs.ts": {"path":"C:\\Proyectos\\Node\\07_RESTWeb\\src\\config\\envs.ts","all":false,"statementMap":{"0":{"start":{"line":1,"column":0},"end":{"line":1,"column":23}},"1":{"start":{"line":2,"column":0},"end":{"line":2,"column":30}},"2":{"start":{"line":3,"column":0},"end":{"line":3,"column":0}},"3":{"start":{"line":4,"column":0},"end":{"line":4,"column":0}},"4":{"start":{"line":5,"column":0},"end":{"line":5,"column":21}},"5":{"start":{"line":6,"column":0},"end":{"line":6,"column":48}},"6":{"start":{"line":7,"column":0},"end":{"line":7,"column":76}},"7":{"start":{"line":8,"column":0},"end":{"line":8,"column":2}}},"s":{"0":1,"1":1,"2":1,"3":1,"4":1,"5":1,"6":1,"7":1},"branchMap":{},"b":{},"fnMap":{},"f":{}}
,"C:\\Proyectos\\Node\\07_RESTWeb\\src\\data\\postgres\\index.ts": {"path":"C:\\Proyectos\\Node\\07_RESTWeb\\src\\data\\postgres\\index.ts","all":false,"statementMap":{"0":{"start":{"line":1,"column":0},"end":{"line":1,"column":46}},"1":{"start":{"line":2,"column":0},"end":{"line":2,"column":0}},"2":{"start":{"line":3,"column":0},"end":{"line":3,"column":0}},"3":{"start":{"line":4,"column":0},"end":{"line":4,"column":0}},"4":{"start":{"line":5,"column":0},"end":{"line":5,"column":41}}},"s":{"0":1,"1":1,"2":1,"3":1,"4":1},"branchMap":{},"b":{},"fnMap":{},"f":{}}
,"C:\\Proyectos\\Node\\07_RESTWeb\\src\\domain\\index.ts": {"path":"C:\\Proyectos\\Node\\07_RESTWeb\\src\\domain\\index.ts","all":false,"statementMap":{"0":{"start":{"line":1,"column":0},"end":{"line":1,"column":46}},"1":{"start":{"line":2,"column":0},"end":{"line":2,"column":39}},"2":{"start":{"line":3,"column":0},"end":{"line":3,"column":22}},"3":{"start":{"line":4,"column":0},"end":{"line":4,"column":47}},"4":{"start":{"line":5,"column":0},"end":{"line":5,"column":0}},"5":{"start":{"line":6,"column":0},"end":{"line":6,"column":45}},"6":{"start":{"line":7,"column":0},"end":{"line":7,"column":45}},"7":{"start":{"line":8,"column":0},"end":{"line":8,"column":42}},"8":{"start":{"line":9,"column":0},"end":{"line":9,"column":43}},"9":{"start":{"line":10,"column":0},"end":{"line":10,"column":45}},"10":{"start":{"line":11,"column":0},"end":{"line":11,"column":0}},"11":{"start":{"line":12,"column":0},"end":{"line":12,"column":38}}},"s":{"0":1,"1":1,"2":1,"3":1,"4":1,"5":1,"6":1,"7":1,"8":1,"9":1,"10":1,"11":1},"branchMap":{},"b":{},"fnMap":{},"f":{}}
,"C:\\Proyectos\\Node\\07_RESTWeb\\src\\domain\\datasources\\todo.datasource.ts": {"path":"C:\\Proyectos\\Node\\07_RESTWeb\\src\\domain\\datasources\\todo.datasource.ts","all":false,"statementMap":{"0":{"start":{"line":1,"column":0},"end":{"line":1,"column":59}},"1":{"start":{"line":2,"column":0},"end":{"line":2,"column":58}},"2":{"start":{"line":3,"column":0},"end":{"line":3,"column":0}},"3":{"start":{"line":4,"column":0},"end":{"line":4,"column":0}},"4":{"start":{"line":5,"column":0},"end":{"line":5,"column":0}},"5":{"start":{"line":6,"column":0},"end":{"line":6,"column":38}},"6":{"start":{"line":7,"column":0},"end":{"line":7,"column":71}},"7":{"start":{"line":8,"column":0},"end":{"line":8,"column":0}},"8":{"start":{"line":9,"column":0},"end":{"line":9,"column":22}},"9":{"start":{"line":10,"column":0},"end":{"line":10,"column":45}},"10":{"start":{"line":11,"column":0},"end":{"line":11,"column":54}},"11":{"start":{"line":12,"column":0},"end":{"line":12,"column":75}},"12":{"start":{"line":13,"column":0},"end":{"line":13,"column":57}},"13":{"start":{"line":14,"column":0},"end":{"line":14,"column":1}}},"s":{"0":1,"1":1,"2":1,"3":1,"4":1,"5":1,"6":1,"7":1,"8":1,"9":1,"10":1,"11":1,"12":1,"13":1},"branchMap":{},"b":{},"fnMap":{},"f":{}}
,"C:\\Proyectos\\Node\\07_RESTWeb\\src\\domain\\dto\\todos\\create-todo.dto.ts": {"path":"C:\\Proyectos\\Node\\07_RESTWeb\\src\\domain\\dto\\todos\\create-todo.dto.ts","all":false,"statementMap":{"0":{"start":{"line":1,"column":0},"end":{"line":1,"column":0}},"1":{"start":{"line":2,"column":0},"end":{"line":2,"column":0}},"2":{"start":{"line":3,"column":0},"end":{"line":3,"column":28}},"3":{"start":{"line":4,"column":0},"end":{"line":4,"column":16}},"4":{"start":{"line":5,"column":0},"end":{"line":5,"column":36}},"5":{"start":{"line":6,"column":0},"end":{"line":6,"column":8}},"6":{"start":{"line":7,"column":0},"end":{"line":7,"column":0}},"7":{"start":{"line":8,"column":0},"end":{"line":8,"column":75}},"8":{"start":{"line":9,"column":0},"end":{"line":9,"column":8}},"9":{"start":{"line":10,"column":0},"end":{"line":10,"column":31}},"10":{"start":{"line":11,"column":0},"end":{"line":11,"column":88}},"11":{"start":{"line":12,"column":0},"end":{"line":12,"column":8}},"12":{"start":{"line":13,"column":0},"end":{"line":13,"column":52}},"13":{"start":{"line":14,"column":0},"end":{"line":14,"column":5}},"14":{"start":{"line":15,"column":0},"end":{"line":15,"column":1}}},"s":{"0":1,"1":1,"2":1,"3":1,"4":2,"5":2,"6":1,"7":1,"8":4,"9":4,"10":4,"11":2,"12":2,"13":2,"14":1},"branchMap":{"0":{"type":"branch","line":4,"loc":{"start":{"line":4,"column":4},"end":{"line":6,"column":8}},"locations":[{"start":{"line":4,"column":4},"end":{"line":6,"column":8}}]},"1":{"type":"branch","line":8,"loc":{"start":{"line":8,"column":11},"end":{"line":14,"column":5}},"locations":[{"start":{"line":8,"column":11},"end":{"line":14,"column":5}}]},"2":{"type":"branch","line":11,"loc":{"start":{"line":11,"column":17},"end":{"line":11,"column":38}},"locations":[{"start":{"line":11,"column":17},"end":{"line":11,"column":38}}]},"3":{"type":"branch","line":11,"loc":{"start":{"line":11,"column":40},"end":{"line":14,"column":5}},"locations":[{"start":{"line":11,"column":40},"end":{"line":14,"column":5}}]}},"b":{"0":[2],"1":[4],"2":[2],"3":[2]},"fnMap":{"0":{"name":"CreateTodoDto","decl":{"start":{"line":4,"column":4},"end":{"line":6,"column":8}},"loc":{"start":{"line":4,"column":4},"end":{"line":6,"column":8}},"line":4},"1":{"name":"create","decl":{"start":{"line":8,"column":11},"end":{"line":14,"column":5}},"loc":{"start":{"line":8,"column":11},"end":{"line":14,"column":5}},"line":8}},"f":{"0":2,"1":4}}
,"C:\\Proyectos\\Node\\07_RESTWeb\\src\\domain\\entities\\todo.entity.ts": {"path":"C:\\Proyectos\\Node\\07_RESTWeb\\src\\domain\\entities\\todo.entity.ts","all":false,"statementMap":{"0":{"start":{"line":1,"column":0},"end":{"line":1,"column":0}},"1":{"start":{"line":2,"column":0},"end":{"line":2,"column":0}},"2":{"start":{"line":3,"column":0},"end":{"line":3,"column":0}},"3":{"start":{"line":4,"column":0},"end":{"line":4,"column":25}},"4":{"start":{"line":5,"column":0},"end":{"line":5,"column":0}},"5":{"start":{"line":6,"column":0},"end":{"line":6,"column":16}},"6":{"start":{"line":7,"column":0},"end":{"line":7,"column":26}},"7":{"start":{"line":8,"column":0},"end":{"line":8,"column":28}},"8":{"start":{"line":9,"column":0},"end":{"line":9,"column":29}},"9":{"start":{"line":10,"column":0},"end":{"line":10,"column":36}},"10":{"start":{"line":11,"column":0},"end":{"line":11,"column":8}},"11":{"start":{"line":12,"column":0},"end":{"line":12,"column":0}},"12":{"start":{"line":13,"column":0},"end":{"line":13,"column":23}},"13":{"start":{"line":14,"column":0},"end":{"line":14,"column":32}},"14":{"start":{"line":15,"column":0},"end":{"line":15,"column":5}},"15":{"start":{"line":16,"column":0},"end":{"line":16,"column":0}},"16":{"start":{"line":17,"column":0},"end":{"line":17,"column":72}},"17":{"start":{"line":18,"column":0},"end":{"line":18,"column":53}},"18":{"start":{"line":19,"column":0},"end":{"line":19,"column":63}},"19":{"start":{"line":20,"column":0},"end":{"line":20,"column":65}},"20":{"start":{"line":21,"column":0},"end":{"line":21,"column":0}},"21":{"start":{"line":22,"column":0},"end":{"line":22,"column":43}},"22":{"start":{"line":23,"column":0},"end":{"line":23,"column":24}},"23":{"start":{"line":24,"column":0},"end":{"line":24,"column":47}},"24":{"start":{"line":25,"column":0},"end":{"line":25,"column":86}},"25":{"start":{"line":26,"column":0},"end":{"line":26,"column":9}},"26":{"start":{"line":27,"column":0},"end":{"line":27,"column":60}},"27":{"start":{"line":28,"column":0},"end":{"line":28,"column":5}},"28":{"start":{"line":29,"column":0},"end":{"line":29,"column":1}}},"s":{"0":1,"1":1,"2":1,"3":1,"4":1,"5":1,"6":11,"7":11,"8":11,"9":11,"10":11,"11":1,"12":1,"13":0,"14":0,"15":1,"16":1,"17":11,"18":11,"19":11,"20":11,"21":11,"22":11,"23":11,"24":11,"25":11,"26":11,"27":11,"28":1},"branchMap":{"0":{"type":"branch","line":6,"loc":{"start":{"line":6,"column":4},"end":{"line":11,"column":8}},"locations":[{"start":{"line":6,"column":4},"end":{"line":11,"column":8}}]},"1":{"type":"branch","line":17,"loc":{"start":{"line":17,"column":18},"end":{"line":28,"column":5}},"locations":[{"start":{"line":17,"column":18},"end":{"line":28,"column":5}}]},"2":{"type":"branch","line":19,"loc":{"start":{"line":19,"column":18},"end":{"line":19,"column":63}},"locations":[{"start":{"line":19,"column":18},"end":{"line":19,"column":63}}]},"3":{"type":"branch","line":20,"loc":{"start":{"line":20,"column":20},"end":{"line":20,"column":65}},"locations":[{"start":{"line":20,"column":20},"end":{"line":20,"column":65}}]},"4":{"type":"branch","line":25,"loc":{"start":{"line":25,"column":47},"end":{"line":25,"column":86}},"locations":[{"start":{"line":25,"column":47},"end":{"line":25,"column":86}}]}},"b":{"0":[11],"1":[11],"2":[0],"3":[0],"4":[0]},"fnMap":{"0":{"name":"TodoEntity","decl":{"start":{"line":6,"column":4},"end":{"line":11,"column":8}},"loc":{"start":{"line":6,"column":4},"end":{"line":11,"column":8}},"line":6},"1":{"name":"get isCompleted","decl":{"start":{"line":13,"column":4},"end":{"line":15,"column":5}},"loc":{"start":{"line":13,"column":4},"end":{"line":15,"column":5}},"line":13},"2":{"name":"fromObject","decl":{"start":{"line":17,"column":18},"end":{"line":28,"column":5}},"loc":{"start":{"line":17,"column":18},"end":{"line":28,"column":5}},"line":17}},"f":{"0":11,"1":0,"2":11}}
,"C:\\Proyectos\\Node\\07_RESTWeb\\src\\domain\\errors\\custom.error.ts": {"path":"C:\\Proyectos\\Node\\07_RESTWeb\\src\\domain\\errors\\custom.error.ts","all":false,"statementMap":{"0":{"start":{"line":1,"column":0},"end":{"line":1,"column":0}},"1":{"start":{"line":2,"column":0},"end":{"line":2,"column":0}},"2":{"start":{"line":3,"column":0},"end":{"line":3,"column":0}},"3":{"start":{"line":4,"column":0},"end":{"line":4,"column":40}},"4":{"start":{"line":5,"column":0},"end":{"line":5,"column":16}},"5":{"start":{"line":6,"column":0},"end":{"line":6,"column":40}},"6":{"start":{"line":7,"column":0},"end":{"line":7,"column":42}},"7":{"start":{"line":8,"column":0},"end":{"line":8,"column":7}},"8":{"start":{"line":9,"column":0},"end":{"line":9,"column":23}},"9":{"start":{"line":10,"column":0},"end":{"line":10,"column":42}},"10":{"start":{"line":11,"column":0},"end":{"line":11,"column":5}},"11":{"start":{"line":12,"column":0},"end":{"line":12,"column":1}}},"s":{"0":1,"1":1,"2":1,"3":1,"4":1,"5":3,"6":3,"7":3,"8":3,"9":3,"10":3,"11":1},"branchMap":{"0":{"type":"branch","line":5,"loc":{"start":{"line":5,"column":4},"end":{"line":11,"column":5}},"locations":[{"start":{"line":5,"column":4},"end":{"line":11,"column":5}}]}},"b":{"0":[3]},"fnMap":{"0":{"name":"CustomError","decl":{"start":{"line":5,"column":4},"end":{"line":11,"column":5}},"loc":{"start":{"line":5,"column":4},"end":{"line":11,"column":5}},"line":5}},"f":{"0":3}}
,"C:\\Proyectos\\Node\\07_RESTWeb\\src\\domain\\repositories\\todo.repository.ts": {"path":"C:\\Proyectos\\Node\\07_RESTWeb\\src\\domain\\repositories\\todo.repository.ts","all":false,"statementMap":{"0":{"start":{"line":1,"column":0},"end":{"line":1,"column":54}},"1":{"start":{"line":2,"column":0},"end":{"line":2,"column":53}},"2":{"start":{"line":3,"column":0},"end":{"line":3,"column":0}},"3":{"start":{"line":4,"column":0},"end":{"line":4,"column":0}},"4":{"start":{"line":5,"column":0},"end":{"line":5,"column":0}},"5":{"start":{"line":6,"column":0},"end":{"line":6,"column":38}},"6":{"start":{"line":7,"column":0},"end":{"line":7,"column":71}},"7":{"start":{"line":8,"column":0},"end":{"line":8,"column":0}},"8":{"start":{"line":9,"column":0},"end":{"line":9,"column":22}},"9":{"start":{"line":10,"column":0},"end":{"line":10,"column":45}},"10":{"start":{"line":11,"column":0},"end":{"line":11,"column":54}},"11":{"start":{"line":12,"column":0},"end":{"line":12,"column":75}},"12":{"start":{"line":13,"column":0},"end":{"line":13,"column":57}},"13":{"start":{"line":14,"column":0},"end":{"line":14,"column":1}}},"s":{"0":1,"1":1,"2":1,"3":1,"4":1,"5":1,"6":1,"7":1,"8":1,"9":1,"10":1,"11":1,"12":1,"13":1},"branchMap":{},"b":{},"fnMap":{},"f":{}}
,"C:\\Proyectos\\Node\\07_RESTWeb\\src\\domain\\use-cases\\todo\\create-todo.ts": {"path":"C:\\Proyectos\\Node\\07_RESTWeb\\src\\domain\\use-cases\\todo\\create-todo.ts","all":false,"statementMap":{"0":{"start":{"line":1,"column":0},"end":{"line":1,"column":47}},"1":{"start":{"line":2,"column":0},"end":{"line":2,"column":61}},"2":{"start":{"line":3,"column":0},"end":{"line":3,"column":73}},"3":{"start":{"line":4,"column":0},"end":{"line":4,"column":0}},"4":{"start":{"line":5,"column":0},"end":{"line":5,"column":0}},"5":{"start":{"line":6,"column":0},"end":{"line":6,"column":36}},"6":{"start":{"line":7,"column":0},"end":{"line":7,"column":52}},"7":{"start":{"line":8,"column":0},"end":{"line":8,"column":1}},"8":{"start":{"line":9,"column":0},"end":{"line":9,"column":0}},"9":{"start":{"line":10,"column":0},"end":{"line":10,"column":54}},"10":{"start":{"line":11,"column":0},"end":{"line":11,"column":16}},"11":{"start":{"line":12,"column":0},"end":{"line":12,"column":52}},"12":{"start":{"line":13,"column":0},"end":{"line":13,"column":8}},"13":{"start":{"line":14,"column":0},"end":{"line":14,"column":0}},"14":{"start":{"line":15,"column":0},"end":{"line":15,"column":54}},"15":{"start":{"line":16,"column":0},"end":{"line":16,"column":43}},"16":{"start":{"line":17,"column":0},"end":{"line":17,"column":5}},"17":{"start":{"line":18,"column":0},"end":{"line":18,"column":1}}},"s":{"0":1,"1":1,"2":1,"3":1,"4":1,"5":1,"6":1,"7":1,"8":1,"9":1,"10":1,"11":2,"12":2,"13":1,"14":1,"15":2,"16":2,"17":1},"branchMap":{"0":{"type":"branch","line":11,"loc":{"start":{"line":11,"column":4},"end":{"line":13,"column":8}},"locations":[{"start":{"line":11,"column":4},"end":{"line":13,"column":8}}]},"1":{"type":"branch","line":15,"loc":{"start":{"line":15,"column":4},"end":{"line":17,"column":5}},"locations":[{"start":{"line":15,"column":4},"end":{"line":17,"column":5}}]}},"b":{"0":[2],"1":[2]},"fnMap":{"0":{"name":"CreateTodo","decl":{"start":{"line":11,"column":4},"end":{"line":13,"column":8}},"loc":{"start":{"line":11,"column":4},"end":{"line":13,"column":8}},"line":11},"1":{"name":"execute","decl":{"start":{"line":15,"column":4},"end":{"line":17,"column":5}},"loc":{"start":{"line":15,"column":4},"end":{"line":17,"column":5}},"line":15}},"f":{"0":2,"1":2}}
,"C:\\Proyectos\\Node\\07_RESTWeb\\src\\domain\\use-cases\\todo\\delete-todo.ts": {"path":"C:\\Proyectos\\Node\\07_RESTWeb\\src\\domain\\use-cases\\todo\\delete-todo.ts","all":false,"statementMap":{"0":{"start":{"line":1,"column":0},"end":{"line":1,"column":61}},"1":{"start":{"line":2,"column":0},"end":{"line":2,"column":73}},"2":{"start":{"line":3,"column":0},"end":{"line":3,"column":0}},"3":{"start":{"line":4,"column":0},"end":{"line":4,"column":0}},"4":{"start":{"line":5,"column":0},"end":{"line":5,"column":36}},"5":{"start":{"line":6,"column":0},"end":{"line":6,"column":44}},"6":{"start":{"line":7,"column":0},"end":{"line":7,"column":1}},"7":{"start":{"line":8,"column":0},"end":{"line":8,"column":0}},"8":{"start":{"line":9,"column":0},"end":{"line":9,"column":54}},"9":{"start":{"line":10,"column":0},"end":{"line":10,"column":16}},"10":{"start":{"line":11,"column":0},"end":{"line":11,"column":52}},"11":{"start":{"line":12,"column":0},"end":{"line":12,"column":8}},"12":{"start":{"line":13,"column":0},"end":{"line":13,"column":0}},"13":{"start":{"line":14,"column":0},"end":{"line":14,"column":46}},"14":{"start":{"line":15,"column":0},"end":{"line":15,"column":46}},"15":{"start":{"line":16,"column":0},"end":{"line":16,"column":5}},"16":{"start":{"line":17,"column":0},"end":{"line":17,"column":1}}},"s":{"0":1,"1":1,"2":1,"3":1,"4":1,"5":1,"6":1,"7":1,"8":1,"9":1,"10":2,"11":2,"12":1,"13":1,"14":2,"15":2,"16":1},"branchMap":{"0":{"type":"branch","line":10,"loc":{"start":{"line":10,"column":4},"end":{"line":12,"column":8}},"locations":[{"start":{"line":10,"column":4},"end":{"line":12,"column":8}}]},"1":{"type":"branch","line":14,"loc":{"start":{"line":14,"column":4},"end":{"line":16,"column":5}},"locations":[{"start":{"line":14,"column":4},"end":{"line":16,"column":5}}]}},"b":{"0":[2],"1":[2]},"fnMap":{"0":{"name":"DeleteTodo","decl":{"start":{"line":10,"column":4},"end":{"line":12,"column":8}},"loc":{"start":{"line":10,"column":4},"end":{"line":12,"column":8}},"line":10},"1":{"name":"execute","decl":{"start":{"line":14,"column":4},"end":{"line":16,"column":5}},"loc":{"start":{"line":14,"column":4},"end":{"line":16,"column":5}},"line":14}},"f":{"0":2,"1":2}}
,"C:\\Proyectos\\Node\\07_RESTWeb\\src\\domain\\use-cases\\todo\\get-todo.ts": {"path":"C:\\Proyectos\\Node\\07_RESTWeb\\src\\domain\\use-cases\\todo\\get-todo.ts","all":false,"statementMap":{"0":{"start":{"line":1,"column":0},"end":{"line":1,"column":61}},"1":{"start":{"line":2,"column":0},"end":{"line":2,"column":73}},"2":{"start":{"line":3,"column":0},"end":{"line":3,"column":0}},"3":{"start":{"line":4,"column":0},"end":{"line":4,"column":0}},"4":{"start":{"line":5,"column":0},"end":{"line":5,"column":33}},"5":{"start":{"line":6,"column":0},"end":{"line":6,"column":44}},"6":{"start":{"line":7,"column":0},"end":{"line":7,"column":1}},"7":{"start":{"line":8,"column":0},"end":{"line":8,"column":0}},"8":{"start":{"line":9,"column":0},"end":{"line":9,"column":48}},"9":{"start":{"line":10,"column":0},"end":{"line":10,"column":16}},"10":{"start":{"line":11,"column":0},"end":{"line":11,"column":52}},"11":{"start":{"line":12,"column":0},"end":{"line":12,"column":8}},"12":{"start":{"line":13,"column":0},"end":{"line":13,"column":0}},"13":{"start":{"line":14,"column":0},"end":{"line":14,"column":46}},"14":{"start":{"line":15,"column":0},"end":{"line":15,"column":43}},"15":{"start":{"line":16,"column":0},"end":{"line":16,"column":5}},"16":{"start":{"line":17,"column":0},"end":{"line":17,"column":1}}},"s":{"0":1,"1":1,"2":1,"3":1,"4":1,"5":1,"6":1,"7":1,"8":1,"9":1,"10":2,"11":2,"12":1,"13":1,"14":2,"15":2,"16":1},"branchMap":{"0":{"type":"branch","line":10,"loc":{"start":{"line":10,"column":4},"end":{"line":12,"column":8}},"locations":[{"start":{"line":10,"column":4},"end":{"line":12,"column":8}}]},"1":{"type":"branch","line":14,"loc":{"start":{"line":14,"column":4},"end":{"line":16,"column":5}},"locations":[{"start":{"line":14,"column":4},"end":{"line":16,"column":5}}]}},"b":{"0":[2],"1":[2]},"fnMap":{"0":{"name":"GetTodo","decl":{"start":{"line":10,"column":4},"end":{"line":12,"column":8}},"loc":{"start":{"line":10,"column":4},"end":{"line":12,"column":8}},"line":10},"1":{"name":"execute","decl":{"start":{"line":14,"column":4},"end":{"line":16,"column":5}},"loc":{"start":{"line":14,"column":4},"end":{"line":16,"column":5}},"line":14}},"f":{"0":2,"1":2}}
,"C:\\Proyectos\\Node\\07_RESTWeb\\src\\domain\\use-cases\\todo\\get-todos.ts": {"path":"C:\\Proyectos\\Node\\07_RESTWeb\\src\\domain\\use-cases\\todo\\get-todos.ts","all":false,"statementMap":{"0":{"start":{"line":1,"column":0},"end":{"line":1,"column":61}},"1":{"start":{"line":2,"column":0},"end":{"line":2,"column":73}},"2":{"start":{"line":3,"column":0},"end":{"line":3,"column":0}},"3":{"start":{"line":4,"column":0},"end":{"line":4,"column":0}},"4":{"start":{"line":5,"column":0},"end":{"line":5,"column":34}},"5":{"start":{"line":6,"column":0},"end":{"line":6,"column":36}},"6":{"start":{"line":7,"column":0},"end":{"line":7,"column":1}},"7":{"start":{"line":8,"column":0},"end":{"line":8,"column":0}},"8":{"start":{"line":9,"column":0},"end":{"line":9,"column":50}},"9":{"start":{"line":10,"column":0},"end":{"line":10,"column":16}},"10":{"start":{"line":11,"column":0},"end":{"line":11,"column":52}},"11":{"start":{"line":12,"column":0},"end":{"line":12,"column":8}},"12":{"start":{"line":13,"column":0},"end":{"line":13,"column":0}},"13":{"start":{"line":14,"column":0},"end":{"line":14,"column":38}},"14":{"start":{"line":15,"column":0},"end":{"line":15,"column":40}},"15":{"start":{"line":16,"column":0},"end":{"line":16,"column":5}},"16":{"start":{"line":17,"column":0},"end":{"line":17,"column":1}}},"s":{"0":1,"1":1,"2":1,"3":1,"4":1,"5":1,"6":1,"7":1,"8":1,"9":1,"10":1,"11":1,"12":1,"13":1,"14":1,"15":1,"16":1},"branchMap":{"0":{"type":"branch","line":10,"loc":{"start":{"line":10,"column":4},"end":{"line":12,"column":8}},"locations":[{"start":{"line":10,"column":4},"end":{"line":12,"column":8}}]},"1":{"type":"branch","line":14,"loc":{"start":{"line":14,"column":4},"end":{"line":16,"column":5}},"locations":[{"start":{"line":14,"column":4},"end":{"line":16,"column":5}}]}},"b":{"0":[1],"1":[1]},"fnMap":{"0":{"name":"GetTodos","decl":{"start":{"line":10,"column":4},"end":{"line":12,"column":8}},"loc":{"start":{"line":10,"column":4},"end":{"line":12,"column":8}},"line":10},"1":{"name":"execute","decl":{"start":{"line":14,"column":4},"end":{"line":16,"column":5}},"loc":{"start":{"line":14,"column":4},"end":{"line":16,"column":5}},"line":14}},"f":{"0":1,"1":1}}
,"C:\\Proyectos\\Node\\07_RESTWeb\\src\\domain\\use-cases\\todo\\update-todo.ts": {"path":"C:\\Proyectos\\Node\\07_RESTWeb\\src\\domain\\use-cases\\todo\\update-todo.ts","all":false,"statementMap":{"0":{"start":{"line":1,"column":0},"end":{"line":1,"column":47}},"1":{"start":{"line":2,"column":0},"end":{"line":2,"column":61}},"2":{"start":{"line":3,"column":0},"end":{"line":3,"column":73}},"3":{"start":{"line":4,"column":0},"end":{"line":4,"column":0}},"4":{"start":{"line":5,"column":0},"end":{"line":5,"column":0}},"5":{"start":{"line":6,"column":0},"end":{"line":6,"column":36}},"6":{"start":{"line":7,"column":0},"end":{"line":7,"column":52}},"7":{"start":{"line":8,"column":0},"end":{"line":8,"column":1}},"8":{"start":{"line":9,"column":0},"end":{"line":9,"column":0}},"9":{"start":{"line":10,"column":0},"end":{"line":10,"column":54}},"10":{"start":{"line":11,"column":0},"end":{"line":11,"column":16}},"11":{"start":{"line":12,"column":0},"end":{"line":12,"column":52}},"12":{"start":{"line":13,"column":0},"end":{"line":13,"column":8}},"13":{"start":{"line":14,"column":0},"end":{"line":14,"column":0}},"14":{"start":{"line":15,"column":0},"end":{"line":15,"column":54}},"15":{"start":{"line":16,"column":0},"end":{"line":16,"column":47}},"16":{"start":{"line":17,"column":0},"end":{"line":17,"column":5}},"17":{"start":{"line":18,"column":0},"end":{"line":18,"column":1}}},"s":{"0":1,"1":1,"2":1,"3":1,"4":1,"5":1,"6":1,"7":1,"8":1,"9":1,"10":1,"11":3,"12":3,"13":1,"14":1,"15":3,"16":3,"17":1},"branchMap":{"0":{"type":"branch","line":11,"loc":{"start":{"line":11,"column":4},"end":{"line":13,"column":8}},"locations":[{"start":{"line":11,"column":4},"end":{"line":13,"column":8}}]},"1":{"type":"branch","line":15,"loc":{"start":{"line":15,"column":4},"end":{"line":17,"column":5}},"locations":[{"start":{"line":15,"column":4},"end":{"line":17,"column":5}}]}},"b":{"0":[3],"1":[3]},"fnMap":{"0":{"name":"UpdateTodo","decl":{"start":{"line":11,"column":4},"end":{"line":13,"column":8}},"loc":{"start":{"line":11,"column":4},"end":{"line":13,"column":8}},"line":11},"1":{"name":"execute","decl":{"start":{"line":15,"column":4},"end":{"line":17,"column":5}},"loc":{"start":{"line":15,"column":4},"end":{"line":17,"column":5}},"line":15}},"f":{"0":3,"1":3}}
,"C:\\Proyectos\\Node\\07_RESTWeb\\src\\infraestructure\\datasource\\todo.datasource.impl.ts": {"path":"C:\\Proyectos\\Node\\07_RESTWeb\\src\\infraestructure\\datasource\\todo.datasource.impl.ts","all":false,"statementMap":{"0":{"start":{"line":1,"column":0},"end":{"line":1,"column":45}},"1":{"start":{"line":2,"column":0},"end":{"line":2,"column":101}},"2":{"start":{"line":3,"column":0},"end":{"line":3,"column":0}},"3":{"start":{"line":4,"column":0},"end":{"line":4,"column":0}},"4":{"start":{"line":5,"column":0},"end":{"line":5,"column":0}},"5":{"start":{"line":6,"column":0},"end":{"line":6,"column":59}},"6":{"start":{"line":7,"column":0},"end":{"line":7,"column":0}},"7":{"start":{"line":8,"column":0},"end":{"line":8,"column":69}},"8":{"start":{"line":9,"column":0},"end":{"line":9,"column":50}},"9":{"start":{"line":10,"column":0},"end":{"line":10,"column":31}},"10":{"start":{"line":11,"column":0},"end":{"line":11,"column":11}},"11":{"start":{"line":12,"column":0},"end":{"line":12,"column":0}},"12":{"start":{"line":13,"column":0},"end":{"line":13,"column":46}},"13":{"start":{"line":14,"column":0},"end":{"line":14,"column":5}},"14":{"start":{"line":15,"column":0},"end":{"line":15,"column":0}},"15":{"start":{"line":16,"column":0},"end":{"line":16,"column":43}},"16":{"start":{"line":17,"column":0},"end":{"line":17,"column":51}},"17":{"start":{"line":18,"column":0},"end":{"line":18,"column":62}},"18":{"start":{"line":19,"column":0},"end":{"line":19,"column":5}},"19":{"start":{"line":20,"column":0},"end":{"line":20,"column":0}},"20":{"start":{"line":21,"column":0},"end":{"line":21,"column":52}},"21":{"start":{"line":22,"column":0},"end":{"line":22,"column":50}},"22":{"start":{"line":23,"column":0},"end":{"line":23,"column":20}},"23":{"start":{"line":24,"column":0},"end":{"line":24,"column":18}},"24":{"start":{"line":25,"column":0},"end":{"line":25,"column":13}},"25":{"start":{"line":26,"column":0},"end":{"line":26,"column":11}},"26":{"start":{"line":27,"column":0},"end":{"line":27,"column":78}},"27":{"start":{"line":28,"column":0},"end":{"line":28,"column":43}},"28":{"start":{"line":29,"column":0},"end":{"line":29,"column":5}},"29":{"start":{"line":30,"column":0},"end":{"line":30,"column":0}},"30":{"start":{"line":31,"column":0},"end":{"line":31,"column":73}},"31":{"start":{"line":32,"column":0},"end":{"line":32,"column":45}},"32":{"start":{"line":33,"column":0},"end":{"line":33,"column":0}},"33":{"start":{"line":34,"column":0},"end":{"line":34,"column":54}},"34":{"start":{"line":35,"column":0},"end":{"line":35,"column":20}},"35":{"start":{"line":36,"column":0},"end":{"line":36,"column":36}},"36":{"start":{"line":37,"column":0},"end":{"line":37,"column":14}},"37":{"start":{"line":38,"column":0},"end":{"line":38,"column":38}},"38":{"start":{"line":39,"column":0},"end":{"line":39,"column":11}},"39":{"start":{"line":40,"column":0},"end":{"line":40,"column":0}},"40":{"start":{"line":41,"column":0},"end":{"line":41,"column":50}},"41":{"start":{"line":42,"column":0},"end":{"line":42,"column":5}},"42":{"start":{"line":43,"column":0},"end":{"line":43,"column":0}},"43":{"start":{"line":44,"column":0},"end":{"line":44,"column":55}},"44":{"start":{"line":45,"column":0},"end":{"line":45,"column":31}},"45":{"start":{"line":46,"column":0},"end":{"line":46,"column":0}},"46":{"start":{"line":47,"column":0},"end":{"line":47,"column":50}},"47":{"start":{"line":48,"column":0},"end":{"line":48,"column":20}},"48":{"start":{"line":49,"column":0},"end":{"line":49,"column":18}},"49":{"start":{"line":50,"column":0},"end":{"line":50,"column":13}},"50":{"start":{"line":51,"column":0},"end":{"line":51,"column":11}},"51":{"start":{"line":52,"column":0},"end":{"line":52,"column":0}},"52":{"start":{"line":53,"column":0},"end":{"line":53,"column":46}},"53":{"start":{"line":54,"column":0},"end":{"line":54,"column":5}},"54":{"start":{"line":55,"column":0},"end":{"line":55,"column":4}},"55":{"start":{"line":56,"column":0},"end":{"line":56,"column":1}}},"s":{"0":1,"1":1,"2":1,"3":1,"4":1,"5":1,"6":1,"7":1,"8":2,"9":2,"10":2,"11":2,"12":2,"13":2,"14":1,"15":1,"16":1,"17":1,"18":1,"19":1,"20":1,"21":7,"22":7,"23":7,"24":7,"25":7,"26":7,"27":4,"28":4,"29":1,"30":1,"31":3,"32":2,"33":2,"34":2,"35":2,"36":2,"37":2,"38":2,"39":2,"40":2,"41":2,"42":1,"43":1,"44":2,"45":1,"46":1,"47":1,"48":1,"49":1,"50":1,"51":1,"52":1,"53":1,"54":1,"55":1},"branchMap":{"0":{"type":"branch","line":8,"loc":{"start":{"line":8,"column":10},"end":{"line":14,"column":5}},"locations":[{"start":{"line":8,"column":10},"end":{"line":14,"column":5}}]},"1":{"type":"branch","line":16,"loc":{"start":{"line":16,"column":10},"end":{"line":19,"column":5}},"locations":[{"start":{"line":16,"column":10},"end":{"line":19,"column":5}}]},"2":{"type":"branch","line":18,"loc":{"start":{"line":18,"column":25},"end":{"line":18,"column":60}},"locations":[{"start":{"line":18,"column":25},"end":{"line":18,"column":60}}]},"3":{"type":"branch","line":21,"loc":{"start":{"line":21,"column":10},"end":{"line":29,"column":5}},"locations":[{"start":{"line":21,"column":10},"end":{"line":29,"column":5}}]},"4":{"type":"branch","line":27,"loc":{"start":{"line":27,"column":19},"end":{"line":27,"column":78}},"locations":[{"start":{"line":27,"column":19},"end":{"line":27,"column":78}}]},"5":{"type":"branch","line":28,"loc":{"start":{"line":28,"column":-2},"end":{"line":29,"column":5}},"locations":[{"start":{"line":28,"column":-2},"end":{"line":29,"column":5}}]},"6":{"type":"branch","line":31,"loc":{"start":{"line":31,"column":10},"end":{"line":42,"column":5}},"locations":[{"start":{"line":31,"column":10},"end":{"line":42,"column":5}}]},"7":{"type":"branch","line":33,"loc":{"start":{"line":33,"column":-2},"end":{"line":42,"column":5}},"locations":[{"start":{"line":33,"column":-2},"end":{"line":42,"column":5}}]},"8":{"type":"branch","line":44,"loc":{"start":{"line":44,"column":10},"end":{"line":54,"column":5}},"locations":[{"start":{"line":44,"column":10},"end":{"line":54,"column":5}}]},"9":{"type":"branch","line":46,"loc":{"start":{"line":46,"column":-2},"end":{"line":54,"column":5}},"locations":[{"start":{"line":46,"column":-2},"end":{"line":54,"column":5}}]}},"b":{"0":[2],"1":[1],"2":[2],"3":[7],"4":[3],"5":[4],"6":[3],"7":[2],"8":[2],"9":[1]},"fnMap":{"0":{"name":"create","decl":{"start":{"line":8,"column":10},"end":{"line":14,"column":5}},"loc":{"start":{"line":8,"column":10},"end":{"line":14,"column":5}},"line":8},"1":{"name":"getAll","decl":{"start":{"line":16,"column":10},"end":{"line":19,"column":5}},"loc":{"start":{"line":16,"column":10},"end":{"line":19,"column":5}},"line":16},"2":{"name":"getById","decl":{"start":{"line":21,"column":10},"end":{"line":29,"column":5}},"loc":{"start":{"line":21,"column":10},"end":{"line":29,"column":5}},"line":21},"3":{"name":"updateById","decl":{"start":{"line":31,"column":10},"end":{"line":42,"column":5}},"loc":{"start":{"line":31,"column":10},"end":{"line":42,"column":5}},"line":31},"4":{"name":"deleteById","decl":{"start":{"line":44,"column":10},"end":{"line":54,"column":5}},"loc":{"start":{"line":44,"column":10},"end":{"line":54,"column":5}},"line":44}},"f":{"0":2,"1":1,"2":7,"3":3,"4":2}}
,"C:\\Proyectos\\Node\\07_RESTWeb\\src\\infraestructure\\repositories\\todo.repository.impl.ts": {"path":"C:\\Proyectos\\Node\\07_RESTWeb\\src\\infraestructure\\repositories\\todo.repository.impl.ts","all":false,"statementMap":{"0":{"start":{"line":1,"column":0},"end":{"line":1,"column":109}},"1":{"start":{"line":2,"column":0},"end":{"line":2,"column":0}},"2":{"start":{"line":3,"column":0},"end":{"line":3,"column":0}},"3":{"start":{"line":4,"column":0},"end":{"line":4,"column":0}},"4":{"start":{"line":5,"column":0},"end":{"line":5,"column":59}},"5":{"start":{"line":6,"column":0},"end":{"line":6,"column":0}},"6":{"start":{"line":7,"column":0},"end":{"line":7,"column":16}},"7":{"start":{"line":8,"column":0},"end":{"line":8,"column":52}},"8":{"start":{"line":9,"column":0},"end":{"line":9,"column":8}},"9":{"start":{"line":10,"column":0},"end":{"line":10,"column":0}},"10":{"start":{"line":11,"column":0},"end":{"line":11,"column":63}},"11":{"start":{"line":12,"column":0},"end":{"line":12,"column":53}},"12":{"start":{"line":13,"column":0},"end":{"line":13,"column":5}},"13":{"start":{"line":14,"column":0},"end":{"line":14,"column":0}},"14":{"start":{"line":15,"column":0},"end":{"line":15,"column":37}},"15":{"start":{"line":16,"column":0},"end":{"line":16,"column":40}},"16":{"start":{"line":17,"column":0},"end":{"line":17,"column":5}},"17":{"start":{"line":18,"column":0},"end":{"line":18,"column":0}},"18":{"start":{"line":19,"column":0},"end":{"line":19,"column":46}},"19":{"start":{"line":20,"column":0},"end":{"line":20,"column":43}},"20":{"start":{"line":21,"column":0},"end":{"line":21,"column":5}},"21":{"start":{"line":22,"column":0},"end":{"line":22,"column":0}},"22":{"start":{"line":23,"column":0},"end":{"line":23,"column":67}},"23":{"start":{"line":24,"column":0},"end":{"line":24,"column":57}},"24":{"start":{"line":25,"column":0},"end":{"line":25,"column":5}},"25":{"start":{"line":26,"column":0},"end":{"line":26,"column":4}},"26":{"start":{"line":27,"column":0},"end":{"line":27,"column":49}},"27":{"start":{"line":28,"column":0},"end":{"line":28,"column":46}},"28":{"start":{"line":29,"column":0},"end":{"line":29,"column":5}},"29":{"start":{"line":30,"column":0},"end":{"line":30,"column":0}},"30":{"start":{"line":31,"column":0},"end":{"line":31,"column":1}}},"s":{"0":1,"1":1,"2":1,"3":1,"4":1,"5":1,"6":1,"7":2,"8":2,"9":1,"10":1,"11":2,"12":2,"13":1,"14":1,"15":1,"16":1,"17":1,"18":1,"19":2,"20":2,"21":1,"22":1,"23":3,"24":3,"25":1,"26":1,"27":2,"28":2,"29":1,"30":1},"branchMap":{"0":{"type":"branch","line":7,"loc":{"start":{"line":7,"column":4},"end":{"line":9,"column":8}},"locations":[{"start":{"line":7,"column":4},"end":{"line":9,"column":8}}]},"1":{"type":"branch","line":11,"loc":{"start":{"line":11,"column":4},"end":{"line":13,"column":5}},"locations":[{"start":{"line":11,"column":4},"end":{"line":13,"column":5}}]},"2":{"type":"branch","line":15,"loc":{"start":{"line":15,"column":4},"end":{"line":17,"column":5}},"locations":[{"start":{"line":15,"column":4},"end":{"line":17,"column":5}}]},"3":{"type":"branch","line":19,"loc":{"start":{"line":19,"column":4},"end":{"line":21,"column":5}},"locations":[{"start":{"line":19,"column":4},"end":{"line":21,"column":5}}]},"4":{"type":"branch","line":23,"loc":{"start":{"line":23,"column":4},"end":{"line":25,"column":5}},"locations":[{"start":{"line":23,"column":4},"end":{"line":25,"column":5}}]},"5":{"type":"branch","line":27,"loc":{"start":{"line":27,"column":4},"end":{"line":29,"column":5}},"locations":[{"start":{"line":27,"column":4},"end":{"line":29,"column":5}}]}},"b":{"0":[2],"1":[2],"2":[1],"3":[2],"4":[3],"5":[2]},"fnMap":{"0":{"name":"TodoRepositoryImpl","decl":{"start":{"line":7,"column":4},"end":{"line":9,"column":8}},"loc":{"start":{"line":7,"column":4},"end":{"line":9,"column":8}},"line":7},"1":{"name":"create","decl":{"start":{"line":11,"column":4},"end":{"line":13,"column":5}},"loc":{"start":{"line":11,"column":4},"end":{"line":13,"column":5}},"line":11},"2":{"name":"getAll","decl":{"start":{"line":15,"column":4},"end":{"line":17,"column":5}},"loc":{"start":{"line":15,"column":4},"end":{"line":17,"column":5}},"line":15},"3":{"name":"getById","decl":{"start":{"line":19,"column":4},"end":{"line":21,"column":5}},"loc":{"start":{"line":19,"column":4},"end":{"line":21,"column":5}},"line":19},"4":{"name":"updateById","decl":{"start":{"line":23,"column":4},"end":{"line":25,"column":5}},"loc":{"start":{"line":23,"column":4},"end":{"line":25,"column":5}},"line":23},"5":{"name":"deleteById","decl":{"start":{"line":27,"column":4},"end":{"line":29,"column":5}},"loc":{"start":{"line":27,"column":4},"end":{"line":29,"column":5}},"line":27}},"f":{"0":2,"1":2,"2":1,"3":2,"4":3,"5":2}}
,"C:\\Proyectos\\Node\\07_RESTWeb\\src\\presentation\\server.ts": {"path":"C:\\Proyectos\\Node\\07_RESTWeb\\src\\presentation\\server.ts","all":false,"statementMap":{"0":{"start":{"line":1,"column":0},"end":{"line":1,"column":47}},"1":{"start":{"line":2,"column":0},"end":{"line":2,"column":38}},"2":{"start":{"line":3,"column":0},"end":{"line":3,"column":24}},"3":{"start":{"line":4,"column":0},"end":{"line":4,"column":0}},"4":{"start":{"line":5,"column":0},"end":{"line":5,"column":19}},"5":{"start":{"line":6,"column":0},"end":{"line":6,"column":17}},"6":{"start":{"line":7,"column":0},"end":{"line":7,"column":25}},"7":{"start":{"line":8,"column":0},"end":{"line":8,"column":19}},"8":{"start":{"line":9,"column":0},"end":{"line":9,"column":1}},"9":{"start":{"line":10,"column":0},"end":{"line":10,"column":0}},"10":{"start":{"line":11,"column":0},"end":{"line":11,"column":21}},"11":{"start":{"line":12,"column":0},"end":{"line":12,"column":0}},"12":{"start":{"line":13,"column":0},"end":{"line":13,"column":36}},"13":{"start":{"line":14,"column":0},"end":{"line":14,"column":33}},"14":{"start":{"line":15,"column":0},"end":{"line":15,"column":34}},"15":{"start":{"line":16,"column":0},"end":{"line":16,"column":40}},"16":{"start":{"line":17,"column":0},"end":{"line":17,"column":36}},"17":{"start":{"line":18,"column":0},"end":{"line":18,"column":0}},"18":{"start":{"line":19,"column":0},"end":{"line":19,"column":36}},"19":{"start":{"line":20,"column":0},"end":{"line":20,"column":54}},"20":{"start":{"line":21,"column":0},"end":{"line":21,"column":25}},"21":{"start":{"line":22,"column":0},"end":{"line":22,"column":50}},"22":{"start":{"line":23,"column":0},"end":{"line":23,"column":29}},"23":{"start":{"line":24,"column":0},"end":{"line":24,"column":5}},"24":{"start":{"line":25,"column":0},"end":{"line":25,"column":0}},"25":{"start":{"line":26,"column":0},"end":{"line":26,"column":19}},"26":{"start":{"line":27,"column":0},"end":{"line":27,"column":0}},"27":{"start":{"line":28,"column":0},"end":{"line":28,"column":22}},"28":{"start":{"line":29,"column":0},"end":{"line":29,"column":37}},"29":{"start":{"line":30,"column":0},"end":{"line":30,"column":61}},"30":{"start":{"line":31,"column":0},"end":{"line":31,"column":38}},"31":{"start":{"line":32,"column":0},"end":{"line":32,"column":0}},"32":{"start":{"line":33,"column":0},"end":{"line":33,"column":54}},"33":{"start":{"line":34,"column":0},"end":{"line":34,"column":0}},"34":{"start":{"line":35,"column":0},"end":{"line":35,"column":18}},"35":{"start":{"line":36,"column":0},"end":{"line":36,"column":0}},"36":{"start":{"line":37,"column":0},"end":{"line":37,"column":36}},"37":{"start":{"line":38,"column":0},"end":{"line":38,"column":0}},"38":{"start":{"line":39,"column":0},"end":{"line":39,"column":0}},"39":{"start":{"line":40,"column":0},"end":{"line":40,"column":41}},"40":{"start":{"line":41,"column":0},"end":{"line":41,"column":98}},"41":{"start":{"line":42,"column":0},"end":{"line":42,"column":36}},"42":{"start":{"line":43,"column":0},"end":{"line":43,"column":11}},"43":{"start":{"line":44,"column":0},"end":{"line":44,"column":0}},"44":{"start":{"line":45,"column":0},"end":{"line":45,"column":44}},"45":{"start":{"line":46,"column":0},"end":{"line":46,"column":36}},"46":{"start":{"line":47,"column":0},"end":{"line":47,"column":69}},"47":{"start":{"line":48,"column":0},"end":{"line":48,"column":14}},"48":{"start":{"line":49,"column":0},"end":{"line":49,"column":0}},"49":{"start":{"line":50,"column":0},"end":{"line":50,"column":0}},"50":{"start":{"line":51,"column":0},"end":{"line":51,"column":64}},"51":{"start":{"line":52,"column":0},"end":{"line":52,"column":66}},"52":{"start":{"line":53,"column":0},"end":{"line":53,"column":11}},"53":{"start":{"line":54,"column":0},"end":{"line":54,"column":0}},"54":{"start":{"line":55,"column":0},"end":{"line":55,"column":5}},"55":{"start":{"line":56,"column":0},"end":{"line":56,"column":0}},"56":{"start":{"line":57,"column":0},"end":{"line":57,"column":20}},"57":{"start":{"line":58,"column":0},"end":{"line":58,"column":36}},"58":{"start":{"line":59,"column":0},"end":{"line":59,"column":5}},"59":{"start":{"line":60,"column":0},"end":{"line":60,"column":0}},"60":{"start":{"line":61,"column":0},"end":{"line":61,"column":1}}},"s":{"0":1,"1":1,"2":1,"3":1,"4":1,"5":1,"6":1,"7":1,"8":1,"9":1,"10":1,"11":1,"12":1,"13":1,"14":1,"15":1,"16":1,"17":1,"18":1,"19":1,"20":1,"21":1,"22":1,"23":1,"24":1,"25":1,"26":1,"27":1,"28":1,"29":1,"30":1,"31":1,"32":1,"33":1,"34":1,"35":1,"36":1,"37":1,"38":1,"39":1,"40":0,"41":0,"42":1,"43":1,"44":1,"45":1,"46":1,"47":1,"48":1,"49":1,"50":1,"51":1,"52":1,"53":1,"54":1,"55":1,"56":1,"57":1,"58":1,"59":1,"60":1},"branchMap":{"0":{"type":"branch","line":19,"loc":{"start":{"line":19,"column":4},"end":{"line":24,"column":5}},"locations":[{"start":{"line":19,"column":4},"end":{"line":24,"column":5}}]},"1":{"type":"branch","line":22,"loc":{"start":{"line":22,"column":37},"end":{"line":22,"column":49}},"locations":[{"start":{"line":22,"column":37},"end":{"line":22,"column":49}}]},"2":{"type":"branch","line":26,"loc":{"start":{"line":26,"column":10},"end":{"line":55,"column":5}},"locations":[{"start":{"line":26,"column":10},"end":{"line":55,"column":5}}]},"3":{"type":"branch","line":51,"loc":{"start":{"line":51,"column":57},"end":{"line":53,"column":9}},"locations":[{"start":{"line":51,"column":57},"end":{"line":53,"column":9}}]},"4":{"type":"branch","line":57,"loc":{"start":{"line":57,"column":11},"end":{"line":59,"column":5}},"locations":[{"start":{"line":57,"column":11},"end":{"line":59,"column":5}}]}},"b":{"0":[1],"1":[0],"2":[1],"3":[1],"4":[1]},"fnMap":{"0":{"name":"Server","decl":{"start":{"line":19,"column":4},"end":{"line":24,"column":5}},"loc":{"start":{"line":19,"column":4},"end":{"line":24,"column":5}},"line":19},"1":{"name":"start","decl":{"start":{"line":26,"column":10},"end":{"line":55,"column":5}},"loc":{"start":{"line":26,"column":10},"end":{"line":55,"column":5}},"line":26},"2":{"name":"close","decl":{"start":{"line":57,"column":11},"end":{"line":59,"column":5}},"loc":{"start":{"line":57,"column":11},"end":{"line":59,"column":5}},"line":57}},"f":{"0":1,"1":1,"2":1}}
,"C:\\Proyectos\\Node\\07_RESTWeb\\src\\presentation\\todo\\controller.ts": {"path":"C:\\Proyectos\\Node\\07_RESTWeb\\src\\presentation\\todo\\controller.ts","all":false,"statementMap":{"0":{"start":{"line":1,"column":0},"end":{"line":1,"column":47}},"1":{"start":{"line":2,"column":0},"end":{"line":2,"column":45}},"2":{"start":{"line":3,"column":0},"end":{"line":3,"column":64}},"3":{"start":{"line":4,"column":0},"end":{"line":4,"column":114}},"4":{"start":{"line":5,"column":0},"end":{"line":5,"column":0}},"5":{"start":{"line":6,"column":0},"end":{"line":6,"column":29}},"6":{"start":{"line":7,"column":0},"end":{"line":7,"column":28}},"7":{"start":{"line":8,"column":0},"end":{"line":8,"column":16}},"8":{"start":{"line":9,"column":0},"end":{"line":9,"column":56}},"9":{"start":{"line":10,"column":0},"end":{"line":10,"column":8}},"10":{"start":{"line":11,"column":0},"end":{"line":11,"column":0}},"11":{"start":{"line":12,"column":0},"end":{"line":12,"column":63}},"12":{"start":{"line":13,"column":0},"end":{"line":13,"column":43}},"13":{"start":{"line":14,"column":0},"end":{"line":14,"column":79}},"14":{"start":{"line":15,"column":0},"end":{"line":15,"column":9}},"15":{"start":{"line":16,"column":0},"end":{"line":16,"column":65}},"16":{"start":{"line":17,"column":0},"end":{"line":17,"column":5}},"17":{"start":{"line":18,"column":0},"end":{"line":18,"column":0}},"18":{"start":{"line":19,"column":0},"end":{"line":19,"column":56}},"19":{"start":{"line":20,"column":0},"end":{"line":20,"column":41}},"20":{"start":{"line":21,"column":0},"end":{"line":21,"column":18}},"21":{"start":{"line":22,"column":0},"end":{"line":22,"column":39}},"22":{"start":{"line":23,"column":0},"end":{"line":23,"column":55}},"23":{"start":{"line":24,"column":0},"end":{"line":24,"column":5}},"24":{"start":{"line":25,"column":0},"end":{"line":25,"column":0}},"25":{"start":{"line":26,"column":0},"end":{"line":26,"column":59}},"26":{"start":{"line":27,"column":0},"end":{"line":27,"column":34}},"27":{"start":{"line":28,"column":0},"end":{"line":28,"column":8}},"28":{"start":{"line":29,"column":0},"end":{"line":29,"column":40}},"29":{"start":{"line":30,"column":0},"end":{"line":30,"column":20}},"30":{"start":{"line":31,"column":0},"end":{"line":31,"column":37}},"31":{"start":{"line":32,"column":0},"end":{"line":32,"column":55}},"32":{"start":{"line":33,"column":0},"end":{"line":33,"column":8}},"33":{"start":{"line":34,"column":0},"end":{"line":34,"column":5}},"34":{"start":{"line":35,"column":0},"end":{"line":35,"column":0}},"35":{"start":{"line":36,"column":0},"end":{"line":36,"column":58}},"36":{"start":{"line":37,"column":0},"end":{"line":37,"column":0}},"37":{"start":{"line":38,"column":0},"end":{"line":38,"column":70}},"38":{"start":{"line":39,"column":0},"end":{"line":39,"column":58}},"39":{"start":{"line":40,"column":0},"end":{"line":40,"column":0}},"40":{"start":{"line":41,"column":0},"end":{"line":41,"column":43}},"41":{"start":{"line":42,"column":0},"end":{"line":42,"column":32}},"42":{"start":{"line":43,"column":0},"end":{"line":43,"column":49}},"43":{"start":{"line":44,"column":0},"end":{"line":44,"column":55}},"44":{"start":{"line":45,"column":0},"end":{"line":45,"column":5}},"45":{"start":{"line":46,"column":0},"end":{"line":46,"column":0}},"46":{"start":{"line":47,"column":0},"end":{"line":47,"column":58}},"47":{"start":{"line":48,"column":0},"end":{"line":48,"column":34}},"48":{"start":{"line":49,"column":0},"end":{"line":49,"column":79}},"49":{"start":{"line":50,"column":0},"end":{"line":50,"column":0}},"50":{"start":{"line":51,"column":0},"end":{"line":51,"column":58}},"51":{"start":{"line":52,"column":0},"end":{"line":52,"column":0}},"52":{"start":{"line":53,"column":0},"end":{"line":53,"column":44}},"53":{"start":{"line":54,"column":0},"end":{"line":54,"column":32}},"54":{"start":{"line":55,"column":0},"end":{"line":55,"column":37}},"55":{"start":{"line":56,"column":0},"end":{"line":56,"column":55}},"56":{"start":{"line":57,"column":0},"end":{"line":57,"column":8}},"57":{"start":{"line":58,"column":0},"end":{"line":58,"column":5}},"58":{"start":{"line":59,"column":0},"end":{"line":59,"column":0}},"59":{"start":{"line":60,"column":0},"end":{"line":60,"column":15}},"60":{"start":{"line":61,"column":0},"end":{"line":61,"column":28}},"61":{"start":{"line":62,"column":0},"end":{"line":62,"column":34}},"62":{"start":{"line":63,"column":0},"end":{"line":63,"column":44}},"63":{"start":{"line":64,"column":0},"end":{"line":64,"column":36}},"64":{"start":{"line":65,"column":0},"end":{"line":65,"column":39}},"65":{"start":{"line":66,"column":0},"end":{"line":66,"column":16}},"66":{"start":{"line":67,"column":0},"end":{"line":67,"column":14}},"67":{"start":{"line":68,"column":0},"end":{"line":68,"column":0}},"68":{"start":{"line":69,"column":0},"end":{"line":69,"column":63}},"69":{"start":{"line":70,"column":0},"end":{"line":70,"column":34}},"70":{"start":{"line":71,"column":0},"end":{"line":71,"column":0}},"71":{"start":{"line":72,"column":0},"end":{"line":72,"column":43}},"72":{"start":{"line":73,"column":0},"end":{"line":73,"column":20}},"73":{"start":{"line":74,"column":0},"end":{"line":74,"column":37}},"74":{"start":{"line":75,"column":0},"end":{"line":75,"column":55}},"75":{"start":{"line":76,"column":0},"end":{"line":76,"column":8}},"76":{"start":{"line":77,"column":0},"end":{"line":77,"column":5}},"77":{"start":{"line":78,"column":0},"end":{"line":78,"column":1}}},"s":{"0":1,"1":1,"2":1,"3":1,"4":1,"5":1,"6":1,"7":1,"8":2,"9":2,"10":1,"11":1,"12":3,"13":3,"14":3,"15":0,"16":0,"17":1,"18":1,"19":1,"20":1,"21":1,"22":1,"23":1,"24":1,"25":1,"26":2,"27":2,"28":2,"29":2,"30":2,"31":2,"32":2,"33":2,"34":1,"35":1,"36":4,"37":4,"38":4,"39":2,"40":2,"41":2,"42":2,"43":2,"44":2,"45":1,"46":1,"47":3,"48":3,"49":3,"50":3,"51":3,"52":3,"53":3,"54":3,"55":3,"56":3,"57":3,"58":1,"59":1,"60":1,"61":1,"62":1,"63":1,"64":1,"65":1,"66":1,"67":1,"68":1,"69":2,"70":2,"71":2,"72":2,"73":2,"74":2,"75":2,"76":2,"77":1},"branchMap":{"0":{"type":"branch","line":8,"loc":{"start":{"line":8,"column":4},"end":{"line":10,"column":8}},"locations":[{"start":{"line":8,"column":4},"end":{"line":10,"column":8}}]},"1":{"type":"branch","line":12,"loc":{"start":{"line":12,"column":27},"end":{"line":17,"column":5}},"locations":[{"start":{"line":12,"column":27},"end":{"line":17,"column":5}}]},"2":{"type":"branch","line":16,"loc":{"start":{"line":16,"column":-2},"end":{"line":17,"column":5}},"locations":[{"start":{"line":16,"column":-2},"end":{"line":17,"column":5}}]},"3":{"type":"branch","line":19,"loc":{"start":{"line":19,"column":22},"end":{"line":24,"column":5}},"locations":[{"start":{"line":19,"column":22},"end":{"line":24,"column":5}}]},"4":{"type":"branch","line":22,"loc":{"start":{"line":22,"column":14},"end":{"line":22,"column":38}},"locations":[{"start":{"line":22,"column":14},"end":{"line":22,"column":38}}]},"5":{"type":"branch","line":26,"loc":{"start":{"line":26,"column":25},"end":{"line":34,"column":5}},"locations":[{"start":{"line":26,"column":25},"end":{"line":34,"column":5}}]},"6":{"type":"branch","line":31,"loc":{"start":{"line":31,"column":14},"end":{"line":31,"column":36}},"locations":[{"start":{"line":31,"column":14},"end":{"line":31,"column":36}}]},"7":{"type":"branch","line":32,"loc":{"start":{"line":32,"column":15},"end":{"line":32,"column":53}},"locations":[{"start":{"line":32,"column":15},"end":{"line":32,"column":53}}]},"8":{"type":"branch","line":36,"loc":{"start":{"line":36,"column":24},"end":{"line":45,"column":5}},"locations":[{"start":{"line":36,"column":24},"end":{"line":45,"column":5}}]},"9":{"type":"branch","line":39,"loc":{"start":{"line":39,"column":19},"end":{"line":45,"column":5}},"locations":[{"start":{"line":39,"column":19},"end":{"line":45,"column":5}}]},"10":{"type":"branch","line":43,"loc":{"start":{"line":43,"column":14},"end":{"line":43,"column":48}},"locations":[{"start":{"line":43,"column":14},"end":{"line":43,"column":48}}]},"11":{"type":"branch","line":47,"loc":{"start":{"line":47,"column":24},"end":{"line":58,"column":5}},"locations":[{"start":{"line":47,"column":24},"end":{"line":58,"column":5}}]},"12":{"type":"branch","line":51,"loc":{"start":{"line":51,"column":19},"end":{"line":51,"column":58}},"locations":[{"start":{"line":51,"column":19},"end":{"line":51,"column":58}}]},"13":{"type":"branch","line":55,"loc":{"start":{"line":55,"column":14},"end":{"line":55,"column":36}},"locations":[{"start":{"line":55,"column":14},"end":{"line":55,"column":36}}]},"14":{"type":"branch","line":56,"loc":{"start":{"line":56,"column":15},"end":{"line":56,"column":53}},"locations":[{"start":{"line":56,"column":15},"end":{"line":56,"column":53}}]},"15":{"type":"branch","line":69,"loc":{"start":{"line":69,"column":24},"end":{"line":77,"column":5}},"locations":[{"start":{"line":69,"column":24},"end":{"line":77,"column":5}}]},"16":{"type":"branch","line":69,"loc":{"start":{"line":69,"column":61},"end":{"line":77,"column":5}},"locations":[{"start":{"line":69,"column":61},"end":{"line":77,"column":5}}]},"17":{"type":"branch","line":74,"loc":{"start":{"line":74,"column":14},"end":{"line":74,"column":36}},"locations":[{"start":{"line":74,"column":14},"end":{"line":74,"column":36}}]},"18":{"type":"branch","line":75,"loc":{"start":{"line":75,"column":15},"end":{"line":75,"column":53}},"locations":[{"start":{"line":75,"column":15},"end":{"line":75,"column":53}}]}},"b":{"0":[2],"1":[3],"2":[0],"3":[1],"4":[1],"5":[2],"6":[1],"7":[1],"8":[4],"9":[2],"10":[2],"11":[3],"12":[0],"13":[2],"14":[1],"15":[2],"16":[2],"17":[1],"18":[1]},"fnMap":{"0":{"name":"TodoController","decl":{"start":{"line":8,"column":4},"end":{"line":10,"column":8}},"loc":{"start":{"line":8,"column":4},"end":{"line":10,"column":8}},"line":8},"1":{"name":"TodoController.handledError","decl":{"start":{"line":12,"column":27},"end":{"line":17,"column":5}},"loc":{"start":{"line":12,"column":27},"end":{"line":17,"column":5}},"line":12},"2":{"name":"TodoController.getTodos","decl":{"start":{"line":19,"column":22},"end":{"line":24,"column":5}},"loc":{"start":{"line":19,"column":22},"end":{"line":24,"column":5}},"line":19},"3":{"name":"TodoController.getTodoById","decl":{"start":{"line":26,"column":25},"end":{"line":34,"column":5}},"loc":{"start":{"line":26,"column":25},"end":{"line":34,"column":5}},"line":26},"4":{"name":"TodoController.createTodo","decl":{"start":{"line":36,"column":24},"end":{"line":45,"column":5}},"loc":{"start":{"line":36,"column":24},"end":{"line":45,"column":5}},"line":36},"5":{"name":"TodoController.updateTodo","decl":{"start":{"line":47,"column":24},"end":{"line":58,"column":5}},"loc":{"start":{"line":47,"column":24},"end":{"line":58,"column":5}},"line":47},"6":{"name":"TodoController.deleteTodo","decl":{"start":{"line":69,"column":24},"end":{"line":77,"column":5}},"loc":{"start":{"line":69,"column":24},"end":{"line":77,"column":5}},"line":69}},"f":{"0":2,"1":3,"2":1,"3":2,"4":4,"5":3,"6":2}}
,"C:\\Proyectos\\Node\\07_RESTWeb\\src\\presentation\\todo\\routes.ts": {"path":"C:\\Proyectos\\Node\\07_RESTWeb\\src\\presentation\\todo\\routes.ts","all":false,"statementMap":{"0":{"start":{"line":1,"column":0},"end":{"line":1,"column":33}},"1":{"start":{"line":2,"column":0},"end":{"line":2,"column":46}},"2":{"start":{"line":3,"column":0},"end":{"line":3,"column":91}},"3":{"start":{"line":4,"column":0},"end":{"line":4,"column":93}},"4":{"start":{"line":5,"column":0},"end":{"line":5,"column":0}},"5":{"start":{"line":6,"column":0},"end":{"line":6,"column":0}},"6":{"start":{"line":7,"column":0},"end":{"line":7,"column":0}},"7":{"start":{"line":8,"column":0},"end":{"line":8,"column":25}},"8":{"start":{"line":9,"column":0},"end":{"line":9,"column":0}},"9":{"start":{"line":10,"column":0},"end":{"line":10,"column":33}},"10":{"start":{"line":11,"column":0},"end":{"line":11,"column":8}},"11":{"start":{"line":12,"column":0},"end":{"line":12,"column":32}},"12":{"start":{"line":13,"column":0},"end":{"line":13,"column":62}},"13":{"start":{"line":14,"column":0},"end":{"line":14,"column":76}},"14":{"start":{"line":15,"column":0},"end":{"line":15,"column":66}},"15":{"start":{"line":16,"column":0},"end":{"line":16,"column":0}},"16":{"start":{"line":17,"column":0},"end":{"line":17,"column":49}},"17":{"start":{"line":18,"column":0},"end":{"line":18,"column":55}},"18":{"start":{"line":19,"column":0},"end":{"line":19,"column":52}},"19":{"start":{"line":20,"column":0},"end":{"line":20,"column":54}},"20":{"start":{"line":21,"column":0},"end":{"line":21,"column":57}},"21":{"start":{"line":22,"column":0},"end":{"line":22,"column":0}},"22":{"start":{"line":23,"column":0},"end":{"line":23,"column":22}},"23":{"start":{"line":24,"column":0},"end":{"line":24,"column":5}},"24":{"start":{"line":25,"column":0},"end":{"line":25,"column":1}}},"s":{"0":1,"1":1,"2":1,"3":1,"4":1,"5":1,"6":1,"7":1,"8":1,"9":1,"10":2,"11":2,"12":2,"13":2,"14":2,"15":2,"16":2,"17":2,"18":2,"19":2,"20":2,"21":2,"22":2,"23":2,"24":1},"branchMap":{"0":{"type":"branch","line":10,"loc":{"start":{"line":10,"column":10},"end":{"line":24,"column":5}},"locations":[{"start":{"line":10,"column":10},"end":{"line":24,"column":5}}]}},"b":{"0":[2]},"fnMap":{"0":{"name":"get routes","decl":{"start":{"line":10,"column":10},"end":{"line":24,"column":5}},"loc":{"start":{"line":10,"column":10},"end":{"line":24,"column":5}},"line":10}},"f":{"0":2}}
,"C:\\Proyectos\\Node\\07_RESTWeb\\test\\test-server.ts": {"path":"C:\\Proyectos\\Node\\07_RESTWeb\\test\\test-server.ts","all":false,"statementMap":{"0":{"start":{"line":1,"column":0},"end":{"line":1,"column":42}},"1":{"start":{"line":2,"column":0},"end":{"line":2,"column":55}},"2":{"start":{"line":3,"column":0},"end":{"line":3,"column":52}},"3":{"start":{"line":4,"column":0},"end":{"line":4,"column":0}},"4":{"start":{"line":5,"column":0},"end":{"line":5,"column":0}},"5":{"start":{"line":6,"column":0},"end":{"line":6,"column":38}},"6":{"start":{"line":7,"column":0},"end":{"line":7,"column":20}},"7":{"start":{"line":8,"column":0},"end":{"line":8,"column":34}},"8":{"start":{"line":9,"column":0},"end":{"line":9,"column":29}},"9":{"start":{"line":10,"column":0},"end":{"line":10,"column":3}}},"s":{"0":1,"1":1,"2":1,"3":1,"4":1,"5":1,"6":1,"7":1,"8":1,"9":1},"branchMap":{},"b":{},"fnMap":{},"f":{}}
}
